<?xml version="1.0" encoding="utf-8"?><testsuites><testsuite name="pytest" errors="0" failures="0" skipped="0" tests="9" time="87.042" timestamp="2023-05-03T21:49:06.086796" hostname="user1s-MacBook-Pro.local"><testcase classname="test_swag" name="test_login_page_success[TEST00001 : Verify login success : a valid username and password-standard_user-secret_sauce--True]" file="test_swag.py" line="51" time="2.883" /><testcase classname="test_swag" name="test_login_page_empty_password[TEST00002 : Verify login fail and error message : empty password-standard_user--Epic sadface: Password is required-True]" file="test_swag.py" line="80" time="10.555" /><testcase classname="test_swag" name="test_login_page_empty_username[TEST00003 : Verify login fail and error message : empty username--secret_sauce-Epic sadface: Username is required-True]" file="test_swag.py" line="109" time="10.454" /><testcase classname="test_swag" name="test_login_page_unmatch[TEST00004 : Verify login fail and error message : an invalid username-standard_userabc-secret_sauce-Epic sadface: Username and password do not match any user in this service-True]" file="test_swag.py" line="138" time="10.640" /><testcase classname="test_swag" name="test_login_page_unmatch[TEST00005 : Verify login fail and error message : an invalid password-standard_user-0secret_sauce-Epic sadface: Username and password do not match any user in this service-True]" file="test_swag.py" line="138" time="10.495" /><testcase classname="test_swag" name="test_login_page_unmatch[TEST00006 : Verify login fail and error message : username ending space-standard_user -secret_sauce-Epic sadface: Username and password do not match any user in this service-True]" file="test_swag.py" line="138" time="10.459" /><testcase classname="test_swag" name="test_login_page_unmatch[TEST00007 : Verify login fail and error message : username leading space- standard_user-secret_sauce-Epic sadface: Username and password do not match any user in this service-True]" file="test_swag.py" line="138" time="10.471" /><testcase classname="test_swag" name="test_login_page_unmatch[TEST00008 : Verify login fail and error message : password ending space-standard_user-secret_sauce  -Epic sadface: Username and password do not match any user in this service-True]" file="test_swag.py" line="138" time="10.518" /><testcase classname="test_swag" name="test_login_page_unmatch[TEST00009 : Verify login fail and error message : password leading space-standard_user-  secret_sauce-Epic sadface: Username and password do not match any user in this service-True]" file="test_swag.py" line="138" time="10.624" /></testsuite></testsuites>