<?xml version="1.0" encoding="utf-8"?><testsuites><testsuite name="pytest" errors="0" failures="0" skipped="0" tests="9" time="88.119" timestamp="2023-05-03T20:12:24.770722" hostname="user1s-MacBook-Pro.local"><testcase classname="test_swag" name="test_login_page_success[TEST00001 : Verify login success : a valid username and password-eachtest_setupteardown0-standard_user-secret_sauce--True]" file="test_swag.py" line="59" time="4.208" /><testcase classname="test_swag" name="test_login_page_empty_password[TEST00002 : Verify login fail and error message : empty password-eachtest_setupteardown0-standard_user--Epic sadface: Password is required-True]" file="test_swag.py" line="80" time="10.504" /><testcase classname="test_swag" name="test_login_page_empty_username[TEST00003 : Verify login fail and error message : empty username-eachtest_setupteardown0--secret_sauce-Epic sadface: Username is required-True]" file="test_swag.py" line="101" time="10.467" /><testcase classname="test_swag" name="test_login_page_unmatch[TEST00004 : Verify login fail and error message : an invalid username-eachtest_setupteardown0-standard_userabc-secret_sauce-Epic sadface: Username and password do not match any user in this service-True]" file="test_swag.py" line="122" time="10.450" /><testcase classname="test_swag" name="test_login_page_unmatch[TEST00005 : Verify login fail and error message : an invalid password-eachtest_setupteardown1-standard_user-0secret_sauce-Epic sadface: Username and password do not match any user in this service-True]" file="test_swag.py" line="122" time="10.505" /><testcase classname="test_swag" name="test_login_page_unmatch[TEST00006 : Verify login fail and error message : username ending space-eachtest_setupteardown2-standard_user -secret_sauce-Epic sadface: Username and password do not match any user in this service-True]" file="test_swag.py" line="122" time="10.444" /><testcase classname="test_swag" name="test_login_page_unmatch[TEST00007 : Verify login fail and error message : username leading space-eachtest_setupteardown3- standard_user-secret_sauce-Epic sadface: Username and password do not match any user in this service-True]" file="test_swag.py" line="122" time="10.433" /><testcase classname="test_swag" name="test_login_page_unmatch[TEST00008 : Verify login fail and error message : password ending space-eachtest_setupteardown4-standard_user-secret_sauce  -Epic sadface: Username and password do not match any user in this service-True]" file="test_swag.py" line="122" time="10.478" /><testcase classname="test_swag" name="test_login_page_unmatch[TEST00009 : Verify login fail and error message : password leading space-eachtest_setupteardown5-standard_user-  secret_sauce-Epic sadface: Username and password do not match any user in this service-True]" file="test_swag.py" line="122" time="10.574" /></testsuite></testsuites>